0 info it worked if it ends with ok
1 verbose cli [ 'C:\\Program Files\\nodejs\\node.exe',
1 verbose cli   'C:\\Program Files\\nodejs\\node_modules\\npm\\bin\\npm-cli.js',
1 verbose cli   'run',
1 verbose cli   'start',
1 verbose cli   '--scripts-prepend-node-path=auto' ]
2 info using npm@3.10.10
3 info using node@v6.10.0
4 verbose run-script [ 'prestart', 'start', 'poststart' ]
5 info lifecycle node-autotip@0.0.0~prestart: node-autotip@0.0.0
6 silly lifecycle node-autotip@0.0.0~prestart: no script for prestart, continuing
7 info lifecycle node-autotip@0.0.0~start: node-autotip@0.0.0
8 verbose lifecycle node-autotip@0.0.0~start: unsafe-perm in lifecycle true
9 verbose lifecycle node-autotip@0.0.0~start: PATH: C:\Users\Hunter\AppData\Roaming\nvm\v6.10.0\node_modules\npm\bin\node-gyp-bin;C:\Users\Hunter\Documents\node\node-autotip\node_modules\.bin;C:\Program Files (x86)\Razer Chroma SDK\bin;C:\Program Files\Razer Chroma SDK\bin;C:\ProgramData\Oracle\Java\javapath;C:\Program Files (x86)\Intel\iCLS Client\;C:\Program Files\Intel\iCLS Client\;C:\Windows\system32;C:\Windows;C:\Windows\System32\Wbem;C:\Windows\System32\WindowsPowerShell\v1.0\;C:\Program Files (x86)\Intel\Intel(R) Management Engine Components\DAL;C:\Program Files\Intel\Intel(R) Management Engine Components\DAL;C:\Program Files (x86)\Intel\Intel(R) Management Engine Components\IPT;C:\Program Files\Intel\Intel(R) Management Engine Components\IPT;C:\Program Files (x86)\NVIDIA Corporation\PhysX\Common;C:\WINDOWS\system32;C:\WINDOWS;C:\WINDOWS\System32\Wbem;C:\WINDOWS\System32\WindowsPowerShell\v1.0\;C:\Program Files\Git\cmd;C:\Program Files\PuTTY\;C:\Users\Hunter\AppData\Local\Microsoft\WindowsApps;C:\Program Files\Microsoft VS Code\bin;C:\php;C:\ProgramData\ComposerSetup\bin;C:\Program Files\Java\jdk1.8.0_162\bin;C:\Users\Hunter\Documents\apache-maven-3.5.2\bin;C:\Ruby24-x64\bin;C:\Users\Hunter\scoop\shims;C:\Users\Hunter\AppData\Roaming\Composer\vendor\bin;C:\Users\Hunter\AppData\Roaming\nvm;C:\Program Files\nodejs;C:\ProgramData\chocolatey\bin;C:\Ruby24-x64\bin;C:\Users\Hunter\scoop\shims;C:\Users\Hunter\AppData\Local\Microsoft\WindowsApps;C:\Program Files\Microsoft VS Code\bin;C:\Users\Hunter\AppData\Roaming\Composer\vendor\bin;C:\Users\Hunter\AppData\Roaming\npm;C:\Users\Hunter\AppData\Roaming\nvm;C:\Program Files\nodejs
10 verbose lifecycle node-autotip@0.0.0~start: CWD: C:\Users\Hunter\Documents\node\node-autotip
11 silly lifecycle node-autotip@0.0.0~start: Args: [ '/d /s /c', 'node index' ]
12 silly lifecycle node-autotip@0.0.0~start: Returned: code: 1  signal: null
13 info lifecycle node-autotip@0.0.0~start: Failed to exec start script
14 verbose stack Error: node-autotip@0.0.0 start: `node index`
14 verbose stack Exit status 1
14 verbose stack     at EventEmitter.<anonymous> (C:\Users\Hunter\AppData\Roaming\nvm\v6.10.0\node_modules\npm\lib\utils\lifecycle.js:255:16)
14 verbose stack     at emitTwo (events.js:106:13)
14 verbose stack     at EventEmitter.emit (events.js:191:7)
14 verbose stack     at ChildProcess.<anonymous> (C:\Users\Hunter\AppData\Roaming\nvm\v6.10.0\node_modules\npm\lib\utils\spawn.js:40:14)
14 verbose stack     at emitTwo (events.js:106:13)
14 verbose stack     at ChildProcess.emit (events.js:191:7)
14 verbose stack     at maybeClose (internal/child_process.js:877:16)
14 verbose stack     at Process.ChildProcess._handle.onexit (internal/child_process.js:226:5)
15 verbose pkgid node-autotip@0.0.0
16 verbose cwd C:\Users\Hunter\Documents\node\node-autotip
17 error Windows_NT 10.0.16299
18 error argv "C:\\Program Files\\nodejs\\node.exe" "C:\\Program Files\\nodejs\\node_modules\\npm\\bin\\npm-cli.js" "run" "start" "--scripts-prepend-node-path=auto"
19 error node v6.10.0
20 error npm  v3.10.10
21 error code ELIFECYCLE
22 error node-autotip@0.0.0 start: `node index`
22 error Exit status 1
23 error Failed at the node-autotip@0.0.0 start script 'node index'.
23 error Make sure you have the latest version of node.js and npm installed.
23 error If you do, this is most likely a problem with the node-autotip package,
23 error not with npm itself.
23 error Tell the author that this fails on your system:
23 error     node index
23 error You can get information on how to open an issue for this project with:
23 error     npm bugs node-autotip
23 error Or if that isn't available, you can get their info via:
23 error     npm owner ls node-autotip
23 error There is likely additional logging output above.
24 verbose exit [ 1, true ]
